<?xml version="1.0" encoding="UTF-8"?>
<!-- Generated by org.testng.reporters.JUnitReportReporter -->
<testsuite hostname="OCT-JULIEN" failures="0" tests="1" name="BVNETZ.etzAuthorization" time="9.591" errors="0" timestamp="2022-02-17T22:17:16 WAT" skipped="0">
  <testcase classname="BVNETZ.etzAuthorization" name="authorize" time="9.591"/>
  <system-out/>
</testsuite> <!-- BVNETZ.etzAuthorization -->
