<?xml version="1.0" encoding="UTF-8"?>
<!-- Generated by org.testng.reporters.JUnitReportReporter -->
<testsuite hostname="OCT-JULIEN" failures="0" tests="1" name="googlePlace.SumValidation" time="1.318" errors="0" timestamp="2022-02-10T12:29:06 WAT" skipped="0">
  <testcase classname="googlePlace.SumValidation" name="getAllCoursePrices" time="1.318"/>
  <system-out/>
</testsuite> <!-- googlePlace.SumValidation -->
